#
# There is insufficient memory for the Java Runtime Environment to continue.
# Native memory allocation (mmap) failed to map 266338304 bytes for G1 virtual space
# Possible reasons:
#   The system is out of physical RAM or swap space
#   The process is running with CompressedOops enabled, and the Java Heap may be blocking the growth of the native heap
# Possible solutions:
#   Reduce memory load on the system
#   Increase physical memory or swap space
#   Check if swap backing store is full
#   Decrease Java heap size (-Xmx/-Xms)
#   Decrease number of Java threads
#   Decrease Java thread stack sizes (-Xss)
#   Set larger code cache with -XX:ReservedCodeCacheSize=
#   JVM is running with Zero Based Compressed Oops mode in which the Java heap is
#     placed in the first 32GB address space. The Java Heap base address is the
#     maximum limit for the native heap growth. Please use -XX:HeapBaseMinAddress
#     to set the Java Heap base and to place the Java Heap above 32GB virtual address.
# This output file may be truncated or incomplete.
#
#  Out of Memory Error (os_windows.cpp:3548), pid=33108, tid=34096
#
# JRE version:  (17.0.10+11) (build )
# Java VM: Java HotSpot(TM) 64-Bit Server VM (17.0.10+11-LTS-240, mixed mode, emulated-client, sharing, tiered, compressed oops, compressed class ptrs, g1 gc, windows-amd64)
# No core dump will be written. Minidumps are not enabled by default on client versions of Windows
#

---------------  S U M M A R Y ------------

Command Line: -XX:TieredStopAtLevel=1 -Dspring.output.ansi.enabled=always -Dcom.sun.management.jmxremote -Dspring.jmx.enabled=true -Dspring.liveBeansView.mbeanDomain -Dspring.application.admin.enabled=true -Dmanagement.endpoints.jmx.exposure.include=* -javaagent:E:\ide\IntelliJ IDEA 2023.2.4\lib\idea_rt.jar=54286:E:\ide\IntelliJ IDEA 2023.2.4\bin -Dfile.encoding=UTF-8 com.dundunteam.DunhuoApplication

Host: AMD Ryzen 7 5800H with Radeon Graphics         , 16 cores, 15G,  Windows 11 , 64 bit Build 22621 (10.0.22621.4830)
Time: Mon Mar 17 01:55:40 2025  Windows 11 , 64 bit Build 22621 (10.0.22621.4830) elapsed time: 0.018026 seconds (0d 0h 0m 0s)

---------------  T H R E A D  ---------------

Current thread (0x000002847a222640):  JavaThread "Unknown thread" [_thread_in_vm, id=34096, stack(0x000000c2a1800000,0x000000c2a1900000)]

Stack: [0x000000c2a1800000,0x000000c2a1900000]
Native frames: (J=compiled Java code, j=interpreted, Vv=VM code, C=native code)
V  [jvm.dll+0x677a5a]
V  [jvm.dll+0x7d8b2d]
V  [jvm.dll+0x7da48e]
V  [jvm.dll+0x7daaf3]
V  [jvm.dll+0x2455ff]
V  [jvm.dll+0x6749b9]
V  [jvm.dll+0x669382]
V  [jvm.dll+0x302e96]
V  [jvm.dll+0x30a416]
V  [jvm.dll+0x359cbe]
V  [jvm.dll+0x359eef]
V  [jvm.dll+0x2d9e88]
V  [jvm.dll+0x2dadf4]
V  [jvm.dll+0x7aa551]
V  [jvm.dll+0x367911]
V  [jvm.dll+0x789639]
V  [jvm.dll+0x3eb30f]
V  [jvm.dll+0x3ecd91]
C  [jli.dll+0x5297]
C  [ucrtbase.dll+0x29333]
C  [KERNEL32.DLL+0x1259d]
C  [ntdll.dll+0x5af38]


---------------  P R O C E S S  ---------------

Threads class SMR info:
_java_thread_list=0x00007ffc29ce6a18, length=0, elements={
}

Java Threads: ( => current thread )

Other Threads:
  0x000002847a290300 GCTaskThread "GC Thread#0" [stack: 0x000000c2a1900000,0x000000c2a1a00000] [id=2432]
  0x000002847a2a1010 ConcurrentGCThread "G1 Main Marker" [stack: 0x000000c2a1a00000,0x000000c2a1b00000] [id=22064]
  0x000002847a2a21c0 ConcurrentGCThread "G1 Conc#0" [stack: 0x000000c2a1b00000,0x000000c2a1c00000] [id=32028]

[error occurred during error reporting (printing all threads), id 0xc0000005, EXCEPTION_ACCESS_VIOLATION (0xc0000005) at pc=0x00007ffc2951aae7]

VM state: not at safepoint (not fully initialized)

VM Mutex/Monitor currently owned by a thread:  ([mutex/lock_event])
[0x000002847a21eb80] Heap_lock - owner thread: 0x000002847a222640

Heap address: 0x0000000702400000, size: 4060 MB, Compressed Oops mode: Zero based, Oop shift amount: 3

CDS archive(s) mapped at: [0x0000000000000000-0x0000000000000000-0x0000000000000000), size 0, SharedBaseAddress: 0x0000000800000000, ArchiveRelocationMode: 1.
Narrow klass base: 0x0000000000000000, Narrow klass shift: 0, Narrow klass range: 0x0

GC Precious Log:
<Empty>

Heap:
 garbage-first heap   total 0K, used 0K [0x0000000702400000, 0x0000000800000000)
  region size 2048K, 0 young (0K), 0 survivors (0K)

[error occurred during error reporting (printing heap information), id 0xc0000005, EXCEPTION_ACCESS_VIOLATION (0xc0000005) at pc=0x00007ffc29901249]

GC Heap History (0 events):
No events

Deoptimization events (0 events):
No events

Classes unloaded (0 events):
No events

Classes redefined (0 events):
No events

Internal exceptions (0 events):
No events

VM Operations (0 events):
No events

Events (1 events):
Event: 0.013 Loaded shared library D:\jdk\bin\java.dll


Dynamic libraries:
0x00007ff63f7d0000 - 0x00007ff63f7e0000 	D:\jdk\bin\java.exe
0x00007ffce1dd0000 - 0x00007ffce1fe7000 	C:\WINDOWS\SYSTEM32\ntdll.dll
0x00007ffcdfb50000 - 0x00007ffcdfc14000 	C:\WINDOWS\System32\KERNEL32.DLL
0x00007ffcdf630000 - 0x00007ffcdfa00000 	C:\WINDOWS\System32\KERNELBASE.dll
0x00007ffcdf0b0000 - 0x00007ffcdf1c1000 	C:\WINDOWS\System32\ucrtbase.dll
0x00007ffcc4e80000 - 0x00007ffcc4e99000 	D:\jdk\bin\jli.dll
0x00007ffcbe3d0000 - 0x00007ffcbe3eb000 	D:\jdk\bin\VCRUNTIME140.dll
0x00007ffcdfc90000 - 0x00007ffcdfd41000 	C:\WINDOWS\System32\ADVAPI32.dll
0x00007ffcdfd50000 - 0x00007ffcdfdf7000 	C:\WINDOWS\System32\msvcrt.dll
0x00007ffce12e0000 - 0x00007ffce1387000 	C:\WINDOWS\System32\sechost.dll
0x00007ffcdf250000 - 0x00007ffcdf278000 	C:\WINDOWS\System32\bcrypt.dll
0x00007ffce0ad0000 - 0x00007ffce0be4000 	C:\WINDOWS\System32\RPCRT4.dll
0x00007ffcdff00000 - 0x00007ffce00ae000 	C:\WINDOWS\System32\USER32.dll
0x00007ffcdf080000 - 0x00007ffcdf0a6000 	C:\WINDOWS\System32\win32u.dll
0x00007ffce0aa0000 - 0x00007ffce0ac9000 	C:\WINDOWS\System32\GDI32.dll
0x00007ffcdf280000 - 0x00007ffcdf39b000 	C:\WINDOWS\System32\gdi32full.dll
0x00007ffcc80f0000 - 0x00007ffcc8382000 	C:\WINDOWS\WinSxS\amd64_microsoft.windows.common-controls_6595b64144ccf1df_6.0.22621.4830_none_270fe7d773858e80\COMCTL32.dll
0x00007ffcdf590000 - 0x00007ffcdf62a000 	C:\WINDOWS\System32\msvcp_win.dll
0x00007ffcd6a90000 - 0x00007ffcd6a9a000 	C:\WINDOWS\SYSTEM32\VERSION.dll
0x00007ffce1bf0000 - 0x00007ffce1c21000 	C:\WINDOWS\System32\IMM32.DLL
0x00007ffcc50c0000 - 0x00007ffcc50cc000 	D:\jdk\bin\vcruntime140_1.dll
0x00007ffcc5030000 - 0x00007ffcc50be000 	D:\jdk\bin\msvcp140.dll
0x00007ffc29230000 - 0x00007ffc29e0f000 	D:\jdk\bin\server\jvm.dll
0x00007ffce18e0000 - 0x00007ffce18e8000 	C:\WINDOWS\System32\PSAPI.DLL
0x00007ffc97700000 - 0x00007ffc97709000 	C:\WINDOWS\SYSTEM32\WSOCK32.dll
0x00007ffce1b70000 - 0x00007ffce1be1000 	C:\WINDOWS\System32\WS2_32.dll
0x00007ffcd9720000 - 0x00007ffcd9754000 	C:\WINDOWS\SYSTEM32\WINMM.dll
0x00007ffcde1b0000 - 0x00007ffcde1c8000 	C:\WINDOWS\SYSTEM32\kernel.appcore.dll
0x00007ffcc5020000 - 0x00007ffcc502a000 	D:\jdk\bin\jimage.dll
0x00007ffcdca70000 - 0x00007ffcdcca2000 	C:\WINDOWS\SYSTEM32\DBGHELP.DLL
0x00007ffce1390000 - 0x00007ffce1720000 	C:\WINDOWS\System32\combase.dll
0x00007ffcdfe00000 - 0x00007ffcdfed7000 	C:\WINDOWS\System32\OLEAUT32.dll
0x00007ffcd0520000 - 0x00007ffcd0552000 	C:\WINDOWS\SYSTEM32\dbgcore.DLL
0x00007ffcdf1d0000 - 0x00007ffcdf24b000 	C:\WINDOWS\System32\bcryptPrimitives.dll
0x00007ffcd9920000 - 0x00007ffcd992e000 	D:\jdk\bin\instrument.dll
0x00007ffcba6e0000 - 0x00007ffcba705000 	D:\jdk\bin\java.dll

dbghelp: loaded successfully - version: 4.0.5 - missing functions: none
symbol engine: initialized successfully - sym options: 0x614 - pdb path: .;D:\jdk\bin;C:\WINDOWS\SYSTEM32;C:\WINDOWS\WinSxS\amd64_microsoft.windows.common-controls_6595b64144ccf1df_6.0.22621.4830_none_270fe7d773858e80;D:\jdk\bin\server

VM Arguments:
jvm_args: -XX:TieredStopAtLevel=1 -Dspring.output.ansi.enabled=always -Dcom.sun.management.jmxremote -Dspring.jmx.enabled=true -Dspring.liveBeansView.mbeanDomain -Dspring.application.admin.enabled=true -Dmanagement.endpoints.jmx.exposure.include=* -javaagent:E:\ide\IntelliJ IDEA 2023.2.4\lib\idea_rt.jar=54286:E:\ide\IntelliJ IDEA 2023.2.4\bin -Dfile.encoding=UTF-8 
java_command: com.dundunteam.DunhuoApplication
java_class_path (initial): E:\ide\work\dunhuo\target\classes;E:\maven\repository\org\springframework\boot\spring-boot-starter-web\3.4.1\spring-boot-starter-web-3.4.1.jar;E:\maven\repository\org\springframework\boot\spring-boot-starter\3.4.1\spring-boot-starter-3.4.1.jar;E:\maven\repository\org\springframework\boot\spring-boot\3.4.1\spring-boot-3.4.1.jar;E:\maven\repository\org\springframework\boot\spring-boot-starter-logging\3.4.1\spring-boot-starter-logging-3.4.1.jar;E:\maven\repository\ch\qos\logback\logback-classic\1.5.12\logback-classic-1.5.12.jar;E:\maven\repository\ch\qos\logback\logback-core\1.5.12\logback-core-1.5.12.jar;E:\maven\repository\org\apache\logging\log4j\log4j-to-slf4j\2.24.3\log4j-to-slf4j-2.24.3.jar;E:\maven\repository\org\apache\logging\log4j\log4j-api\2.24.3\log4j-api-2.24.3.jar;E:\maven\repository\org\slf4j\jul-to-slf4j\2.0.16\jul-to-slf4j-2.0.16.jar;E:\maven\repository\jakarta\annotation\jakarta.annotation-api\2.1.1\jakarta.annotation-api-2.1.1.jar;E:\maven\repository\org\yaml\snakeyaml\2.3\snakeyaml-2.3.jar;E:\maven\repository\org\springframework\boot\spring-boot-starter-json\3.4.1\spring-boot-starter-json-3.4.1.jar;E:\maven\repository\com\fasterxml\jackson\datatype\jackson-datatype-jdk8\2.18.2\jackson-datatype-jdk8-2.18.2.jar;E:\maven\repository\com\fasterxml\jackson\datatype\jackson-datatype-jsr310\2.18.2\jackson-datatype-jsr310-2.18.2.jar;E:\maven\repository\com\fasterxml\jackson\module\jackson-module-parameter-names\2.18.2\jackson-module-parameter-names-2.18.2.jar;E:\maven\repository\org\springframework\boot\spring-boot-starter-tomcat\3.4.1\spring-boot-starter-tomcat-3.4.1.jar;E:\maven\repository\org\apache\tomcat\embed\tomcat-embed-core\10.1.34\tomcat-embed-core-10.1.34.jar;E:\maven\repository\org\apache\tomcat\embed\tomcat-embed-el\10.1.34\tomcat-embed-el-10.1.34.jar;E:\maven\repository\org\apache\tomcat\embed\tomcat-embed-websocket\10.1.34\tomcat-embed-websocket-10.1.34.jar;E:\maven\repository\org\springframework\spring-web\6.2.1\s
Launcher Type: SUN_STANDARD

[Global flags]
     intx CICompilerCount                          = 12                                        {product} {ergonomic}
     uint ConcGCThreads                            = 3                                         {product} {ergonomic}
     uint G1ConcRefinementThreads                  = 13                                        {product} {ergonomic}
   size_t G1HeapRegionSize                         = 2097152                                   {product} {ergonomic}
    uintx GCDrainStackTargetSize                   = 64                                        {product} {ergonomic}
   size_t InitialHeapSize                          = 266338304                                 {product} {ergonomic}
     bool ManagementServer                         = true                                      {product} {command line}
   size_t MarkStackSize                            = 4194304                                   {product} {ergonomic}
   size_t MaxHeapSize                              = 4257218560                                {product} {ergonomic}
   size_t MinHeapDeltaBytes                        = 2097152                                   {product} {ergonomic}
   size_t MinHeapSize                              = 8388608                                   {product} {ergonomic}
    uintx NonProfiledCodeHeapSize                  = 0                                      {pd product} {ergonomic}
     bool ProfileInterpreter                       = false                                  {pd product} {command line}
    uintx ProfiledCodeHeapSize                     = 0                                      {pd product} {ergonomic}
   size_t SoftMaxHeapSize                          = 4257218560                             {manageable} {ergonomic}
     intx TieredStopAtLevel                        = 1                                         {product} {command line}
     bool UseCompressedClassPointers               = true                           {product lp64_product} {ergonomic}
     bool UseCompressedOops                        = true                           {product lp64_product} {ergonomic}
     bool UseG1GC                                  = true                                      {product} {ergonomic}
     bool UseLargePagesIndividualAllocation        = false                                  {pd product} {ergonomic}

Logging:
Log output configuration:
 #0: stdout all=warning uptime,level,tags
 #1: stderr all=off uptime,level,tags

Environment Variables:
JAVA_HOME=D:\jdk
CLASSPATH=.;%JAVA_HOME%\lib\dt.jar;%JAVA_HOME%\lib\tools.jar;    
PATH=E:\win64_11gR2_database_1of2\bin;D:\xuniji\bin\;D:\jdk\bin;C:\Program Files\Common Files\Oracle\Java\javapath;E:\maven\apache-maven-3.9.5\bin;D:\jdk\bin;D:\jdk\jre\bin;C:\Program Files\Microsoft MPI\Bin\;C:\Program Files (x86)\Razer Chroma SDK\bin;C:\Program Files\Razer Chroma SDK\bin;C:\Program Files (x86)\Razer\ChromaBroadcast\bin;C:\Program Files\Razer\ChromaBroadcast\bin;C:\Program Files\PlasticSCM5\server;C:\Program Files\PlasticSCM5\client;C:\Windows\system32;C:\Windows;C:\Windows\System32\Wbem;C:\Windows\System32\WindowsPowerShell\v1.0\;C:\Windows\System32\OpenSSH\;C:\Program Files (x86)\NVIDIA Corporation\PhysX\Common;C:\WINDOWS\system32;C:\WINDOWS;C:\WINDOWS\System32\Wbem;C:\WINDOWS\System32\WindowsPowerShell\v1.0\;C:\WINDOWS\System32\OpenSSH\;C:\Program Files\Microsoft SQL Server\150\Tools\Binn\;C:\WINDOWS\system32\config\systemprofile\AppData\Local\Microsoft\WindowsApps;E:\lingo\;C:\Program Files (x86)\Microsoft SQL Server\160\Tools\Binn\;C:\Program Files\Microsoft SQL Server\160\Tools\Binn\;C:\Program Files\Microsoft SQL Server\Client SDK\ODBC\170\Tools\Binn\;C:\Program Files\Microsoft SQL Server\160\DTS\Binn\;C:\Program Files\Azure Data Studio\bin;E:\小程序\微信web开发者工具\dll;C:\tomcat;apache-tomcat-8.5.93\bin;D:\Git\Git\cmd;E:\ORacle\instantclient_11_1;C:\Program Files\dotnet\;E:\Windows Kits\10\Windows Performance Toolkit\;C:\Program Files\nodejs\;C:\Program Files\NVIDIA Corporation\NVIDIA app\NvDLISR;C:\Users\53181\AppData\Local\Microsoft\WindowsApps;E:\vscode\Microsoft VS Code\bin;E:\python\pycharm\PyCharm 2021.3\bin;;C:\Program Files\Azure Data Studio\bin;E:\ide\IntelliJ IDEA Community Edition 2023.2.4\bin;;C:\Users\53181\.dotnet\tools;C:\Users\53181\AppData\Roaming\npm;E:\python;E:\python\Scripts;
USERNAME=53181
OS=Windows_NT
PROCESSOR_IDENTIFIER=AMD64 Family 25 Model 80 Stepping 0, AuthenticAMD



---------------  S Y S T E M  ---------------

OS:
 Windows 11 , 64 bit Build 22621 (10.0.22621.4830)
OS uptime: 0 days 3:48 hours

CPU: total 16 (initial active 16) (16 cores per cpu, 2 threads per core) family 25 model 80 stepping 0 microcode 0x0, cx8, cmov, fxsr, ht, mmx, 3dnowpref, sse, sse2, sse3, ssse3, sse4a, sse4.1, sse4.2, popcnt, lzcnt, tsc, tscinvbit, avx, avx2, aes, erms, clmul, bmi1, bmi2, adx, sha, fma, vzeroupper, clflush, clflushopt

Memory: 4k page, system-wide physical 16236M (955M free)
TotalPageFile size 33755M (AvailPageFile size 23M)
current process WorkingSet (physical memory assigned to process): 12M, peak: 12M
current process commit charge ("private bytes"): 66M, peak: 319M

vm_info: Java HotSpot(TM) 64-Bit Server VM (17.0.10+11-LTS-240) for windows-amd64 JRE (17.0.10+11-LTS-240), built on Dec 19 2023 21:47:25 by "mach5one" with MS VC++ 17.1 (VS2022)

END.
